Arguments: 
  /opt/homebrew/Cellar/node@16/16.15.0/bin/node /opt/homebrew/bin/yarn

PATH: 
  /opt/homebrew/opt/node@16/bin:/opt/homebrew/bin:/opt/homebrew/sbin:/usr/local/bin:/usr/bin:/bin:/usr/sbin:/sbin:/Library/Apple/usr/bin:/opt/homebrew/opt/node@16/bin:/opt/homebrew/bin:/opt/homebrew/sbin

Yarn version: 
  1.22.18

Node version: 
  16.15.0

Platform: 
  darwin arm64

Trace: 
  SyntaxError: /Users/umairabbas/Documents/workApp/solemate/package.json: Unexpected token < in JSON at position 615
      at JSON.parse (<anonymous>)
      at /opt/homebrew/lib/node_modules/yarn/lib/cli.js:1625:59
      at Generator.next (<anonymous>)
      at step (/opt/homebrew/lib/node_modules/yarn/lib/cli.js:310:30)
      at /opt/homebrew/lib/node_modules/yarn/lib/cli.js:321:13

npm manifest: 
  {
    "name": "solemate",
    "version": "1.0.0",
    "main": "node_modules/expo/AppEntry.js",
    "scripts": {
      "start": "expo start",
      "android": "expo start --android",
      "ios": "expo start --ios",
      "web": "expo start --web"
    },
    "dependencies": {
      "@react-native-masked-view/masked-view": "^0.2.7",
      "@react-navigation/bottom-tabs": "^6.3.3",
      "@react-navigation/native": "^6.0.12",
      "@react-navigation/stack": "^6.2.3",
      "expo": "~46.0.9",
      "expo-font": "~10.2.0",
      "expo-status-bar": "~1.4.0",
      "lottie-react-native": "5.1.3",
      "react": "18.0.0",
      "react-native": "0.69.5",
  <<<<<<< HEAD
      "react-native-app-intro-slider": "^4.0.4",
  =======
      "react-native-elements": "^3.4.2",
  >>>>>>> b5197a6ccc151449e38c1f5871e329b2f5e47080
      "react-native-gesture-handler": "~2.5.0",
      "react-native-pager-view": "5.4.24",
      "react-native-safe-area-context": "4.3.1",
      "react-native-screens": "~3.15.0",
      "react-native-size-matters": "^0.4.0",
      "react-native-styled-components": "^2.1.0",
      "redux": "^4.2.0",
      "styled-components": "^5.3.5",
      "toggle-switch-react-native": "^3.3.0"
    },
    "devDependencies": {
      "@babel/core": "^7.12.9"
    },
    "private": true
  }

yarn manifest: 
  No manifest

Lockfile: 
  No lockfile
